{"/home/braian/development/spacedev/ProjectName/images/exampleImage.jpg": {"path":"/home/braian/development/spacedev/ProjectName/images/exampleImage.jpg","statementMap":{"0":{"start":{"line":1,"column":0},"end":{"line":4,"column":6}}},"fnMap":{},"branchMap":{},"s":{"0":1},"f":{},"b":{},"_coverageSchema":"1a1c01bbd47fc00a2c39e90264f33305004495a9","hash":"d4ba022891507eef9acaac7862a2f503efb691b8"}
,"/home/braian/development/spacedev/ProjectName/src/components/buttons/Button.tsx": {"path":"/home/braian/development/spacedev/ProjectName/src/components/buttons/Button.tsx","statementMap":{"0":{"start":{"line":31,"column":22},"end":{"line":67,"column":1}},"1":{"start":{"line":42,"column":32},"end":{"line":42,"column":53}},"2":{"start":{"line":44,"column":22},"end":{"line":53,"column":13}},"3":{"start":{"line":45,"column":25},"end":{"line":45,"column":73}},"4":{"start":{"line":46,"column":4},"end":{"line":51,"column":5}},"5":{"start":{"line":47,"column":6},"end":{"line":50,"column":7}},"6":{"start":{"line":52,"column":4},"end":{"line":52,"column":23}},"7":{"start":{"line":55,"column":2},"end":{"line":66,"column":3}},"8":{"start":{"line":60,"column":23},"end":{"line":60,"column":39}},"9":{"start":{"line":61,"column":24},"end":{"line":61,"column":41}},"10":{"start":{"line":69,"column":29},"end":{"line":77,"column":1}},"11":{"start":{"line":70,"column":2},"end":{"line":76,"column":4}},"12":{"start":{"line":79,"column":31},"end":{"line":87,"column":1}},"13":{"start":{"line":80,"column":2},"end":{"line":86,"column":4}},"14":{"start":{"line":89,"column":28},"end":{"line":97,"column":1}},"15":{"start":{"line":90,"column":2},"end":{"line":96,"column":4}},"16":{"start":{"line":99,"column":27},"end":{"line":108,"column":1}},"17":{"start":{"line":100,"column":2},"end":{"line":107,"column":4}},"18":{"start":{"line":110,"column":36},"end":{"line":119,"column":1}},"19":{"start":{"line":111,"column":2},"end":{"line":118,"column":4}},"20":{"start":{"line":121,"column":33},"end":{"line":129,"column":1}},"21":{"start":{"line":122,"column":2},"end":{"line":128,"column":4}}},"fnMap":{"0":{"name":"(anonymous_0)","decl":{"start":{"line":31,"column":22},"end":{"line":31,"column":23}},"loc":{"start":{"line":41,"column":25},"end":{"line":67,"column":1}},"line":41},"1":{"name":"(anonymous_1)","decl":{"start":{"line":44,"column":34},"end":{"line":44,"column":35}},"loc":{"start":{"line":44,"column":73},"end":{"line":53,"column":3}},"line":44},"2":{"name":"(anonymous_2)","decl":{"start":{"line":60,"column":17},"end":{"line":60,"column":18}},"loc":{"start":{"line":60,"column":23},"end":{"line":60,"column":39}},"line":60},"3":{"name":"(anonymous_3)","decl":{"start":{"line":61,"column":18},"end":{"line":61,"column":19}},"loc":{"start":{"line":61,"column":24},"end":{"line":61,"column":41}},"line":61},"4":{"name":"(anonymous_4)","decl":{"start":{"line":69,"column":29},"end":{"line":69,"column":30}},"loc":{"start":{"line":70,"column":2},"end":{"line":76,"column":4}},"line":70},"5":{"name":"(anonymous_5)","decl":{"start":{"line":79,"column":31},"end":{"line":79,"column":32}},"loc":{"start":{"line":80,"column":2},"end":{"line":86,"column":4}},"line":80},"6":{"name":"(anonymous_6)","decl":{"start":{"line":89,"column":28},"end":{"line":89,"column":29}},"loc":{"start":{"line":90,"column":2},"end":{"line":96,"column":4}},"line":90},"7":{"name":"(anonymous_7)","decl":{"start":{"line":99,"column":27},"end":{"line":99,"column":28}},"loc":{"start":{"line":100,"column":2},"end":{"line":107,"column":4}},"line":100},"8":{"name":"(anonymous_8)","decl":{"start":{"line":110,"column":36},"end":{"line":110,"column":37}},"loc":{"start":{"line":111,"column":2},"end":{"line":118,"column":4}},"line":111},"9":{"name":"(anonymous_9)","decl":{"start":{"line":121,"column":33},"end":{"line":121,"column":34}},"loc":{"start":{"line":122,"column":2},"end":{"line":128,"column":4}},"line":122}},"branchMap":{"0":{"loc":{"start":{"line":45,"column":25},"end":{"line":45,"column":73}},"type":"cond-expr","locations":[{"start":{"line":45,"column":41},"end":{"line":45,"column":59}},{"start":{"line":45,"column":62},"end":{"line":45,"column":73}}],"line":45},"1":{"loc":{"start":{"line":46,"column":4},"end":{"line":51,"column":5}},"type":"if","locations":[{"start":{"line":46,"column":4},"end":{"line":51,"column":5}},{"start":{},"end":{}}],"line":46},"2":{"loc":{"start":{"line":63,"column":47},"end":{"line":63,"column":85}},"type":"cond-expr","locations":[{"start":{"line":63,"column":57},"end":{"line":63,"column":73}},{"start":{"line":63,"column":76},"end":{"line":63,"column":85}}],"line":63}},"s":{"0":1,"1":3,"2":3,"3":3,"4":3,"5":0,"6":3,"7":3,"8":0,"9":0,"10":1,"11":2,"12":1,"13":1,"14":1,"15":0,"16":1,"17":0,"18":1,"19":0,"20":1,"21":0},"f":{"0":3,"1":3,"2":0,"3":0,"4":2,"5":1,"6":0,"7":0,"8":0,"9":0},"b":{"0":[0,3],"1":[0,3],"2":[0,3]},"_coverageSchema":"1a1c01bbd47fc00a2c39e90264f33305004495a9","hash":"21a869868dc121ac99ae5e55909fe3bc88eef621"}
,"/home/braian/development/spacedev/ProjectName/src/components/buttons/styles.ts": {"path":"/home/braian/development/spacedev/ProjectName/src/components/buttons/styles.ts","statementMap":{"0":{"start":{"line":1,"column":0},"end":{"line":1,"column":52}},"1":{"start":{"line":3,"column":0},"end":{"line":3,"column":32}},"2":{"start":{"line":4,"column":0},"end":{"line":4,"column":44}},"3":{"start":{"line":6,"column":30},"end":{"line":14,"column":null}},"4":{"start":{"line":16,"column":13},"end":{"line":21,"column":null}},"5":{"start":{"line":23,"column":13},"end":{"line":34,"column":null}},"6":{"start":{"line":36,"column":13},"end":{"line":47,"column":null}},"7":{"start":{"line":49,"column":13},"end":{"line":70,"column":null}},"8":{"start":{"line":72,"column":13},"end":{"line":99,"column":null}},"9":{"start":{"line":101,"column":13},"end":{"line":112,"column":null}}},"fnMap":{},"branchMap":{},"s":{"0":1,"1":1,"2":1,"3":1,"4":1,"5":1,"6":1,"7":1,"8":1,"9":1},"f":{},"b":{}}
,"/home/braian/development/spacedev/ProjectName/src/components/svgIcon/SvgIcon.tsx": {"path":"/home/braian/development/spacedev/ProjectName/src/components/svgIcon/SvgIcon.tsx","statementMap":{"0":{"start":{"line":14,"column":16},"end":{"line":21,"column":1}},"1":{"start":{"line":20,"column":2},"end":{"line":20,"column":61}}},"fnMap":{"0":{"name":"(anonymous_0)","decl":{"start":{"line":14,"column":16},"end":{"line":14,"column":17}},"loc":{"start":{"line":20,"column":2},"end":{"line":20,"column":61}},"line":20}},"branchMap":{"0":{"loc":{"start":{"line":16,"column":2},"end":{"line":16,"column":33}},"type":"default-arg","locations":[{"start":{"line":16,"column":10},"end":{"line":16,"column":33}}],"line":16},"1":{"loc":{"start":{"line":17,"column":2},"end":{"line":17,"column":34}},"type":"default-arg","locations":[{"start":{"line":17,"column":11},"end":{"line":17,"column":34}}],"line":17}},"s":{"0":1,"1":0},"f":{"0":0},"b":{"0":[0],"1":[0]},"_coverageSchema":"1a1c01bbd47fc00a2c39e90264f33305004495a9","hash":"1c6af9bc9cf82a7fa8068641c483019bc77c2744"}
,"/home/braian/development/spacedev/ProjectName/src/components/text/index.ts": {"path":"/home/braian/development/spacedev/ProjectName/src/components/text/index.ts","statementMap":{"0":{"start":{"line":1,"column":0},"end":{"line":1,"column":36}},"1":{"start":{"line":4,"column":0},"end":{"line":4,"column":31}},"2":{"start":{"line":28,"column":26},"end":{"line":46,"column":3}},"3":{"start":{"line":28,"column":32},"end":{"line":46,"column":3}},"4":{"start":{"line":37,"column":18},"end":{"line":46,"column":2}},"5":{"start":{"line":28,"column":13},"end":{"line":28,"column":26}},"6":{"start":{"line":48,"column":13},"end":{"line":48,"column":null}},"7":{"start":{"line":49,"column":0},"end":{"line":49,"column":null}},"8":{"start":{"line":51,"column":13},"end":{"line":51,"column":null}},"9":{"start":{"line":52,"column":0},"end":{"line":52,"column":null}},"10":{"start":{"line":54,"column":13},"end":{"line":54,"column":null}},"11":{"start":{"line":55,"column":0},"end":{"line":55,"column":null}},"12":{"start":{"line":57,"column":13},"end":{"line":57,"column":null}},"13":{"start":{"line":58,"column":0},"end":{"line":58,"column":null}},"14":{"start":{"line":60,"column":13},"end":{"line":60,"column":null}},"15":{"start":{"line":61,"column":0},"end":{"line":61,"column":null}},"16":{"start":{"line":63,"column":13},"end":{"line":63,"column":null}},"17":{"start":{"line":64,"column":0},"end":{"line":64,"column":null}},"18":{"start":{"line":66,"column":13},"end":{"line":66,"column":null}},"19":{"start":{"line":67,"column":0},"end":{"line":67,"column":null}},"20":{"start":{"line":69,"column":13},"end":{"line":69,"column":null}},"21":{"start":{"line":70,"column":0},"end":{"line":70,"column":null}}},"fnMap":{"0":{"name":"(anonymous_1)","decl":{"start":{"line":28,"column":26},"end":{"line":28,"column":29}},"loc":{"start":{"line":28,"column":32},"end":{"line":46,"column":3}}},"1":{"name":"(anonymous_2)","decl":{"start":{"line":28,"column":44},"end":{"line":28,"column":45}},"loc":{"start":{"line":37,"column":18},"end":{"line":46,"column":2}}}},"branchMap":{"0":{"loc":{"start":{"line":35,"column":2},"end":{"line":35,"column":19}},"type":"default-arg","locations":[{"start":{"line":35,"column":18},"end":{"line":35,"column":19}}]},"1":{"loc":{"start":{"line":36,"column":2},"end":{"line":36,"column":24}},"type":"default-arg","locations":[{"start":{"line":36,"column":18},"end":{"line":36,"column":24}}]}},"s":{"0":1,"1":1,"2":1,"3":8,"4":3,"5":1,"6":1,"7":1,"8":1,"9":1,"10":1,"11":1,"12":1,"13":1,"14":1,"15":1,"16":1,"17":1,"18":1,"19":1,"20":1,"21":1},"f":{"0":8,"1":3},"b":{"0":[3],"1":[3]}}
,"/home/braian/development/spacedev/ProjectName/src/constants/images.ts": {"path":"/home/braian/development/spacedev/ProjectName/src/constants/images.ts","statementMap":{"0":{"start":{"line":1,"column":0},"end":{"line":1,"column":32}},"1":{"start":{"line":3,"column":13},"end":{"line":5,"column":null}},"2":{"start":{"line":7,"column":13},"end":{"line":48,"column":null}},"3":{"start":{"line":8,"column":52},"end":{"line":11,"column":null}},"4":{"start":{"line":12,"column":21},"end":{"line":15,"column":null}},"5":{"start":{"line":16,"column":61},"end":{"line":18,"column":null}},"6":{"start":{"line":19,"column":63},"end":{"line":21,"column":14}},"7":{"start":{"line":22,"column":55},"end":{"line":24,"column":null}},"8":{"start":{"line":25,"column":56},"end":{"line":27,"column":null}},"9":{"start":{"line":28,"column":54},"end":{"line":30,"column":null}},"10":{"start":{"line":31,"column":70},"end":{"line":34,"column":16}},"11":{"start":{"line":35,"column":64},"end":{"line":37,"column":null}},"12":{"start":{"line":38,"column":63},"end":{"line":40,"column":null}},"13":{"start":{"line":41,"column":69},"end":{"line":44,"column":null}},"14":{"start":{"line":45,"column":65},"end":{"line":47,"column":null}}},"fnMap":{"0":{"name":"(anonymous_0)","decl":{"start":{"line":8,"column":10},"end":{"line":8,"column":11}},"loc":{"start":{"line":8,"column":52},"end":{"line":11,"column":null}}},"1":{"name":"(anonymous_1)","decl":{"start":{"line":12,"column":7},"end":{"line":12,"column":18}},"loc":{"start":{"line":12,"column":21},"end":{"line":15,"column":null}}},"2":{"name":"(anonymous_2)","decl":{"start":{"line":16,"column":13},"end":{"line":16,"column":14}},"loc":{"start":{"line":16,"column":61},"end":{"line":18,"column":null}}},"3":{"name":"(anonymous_3)","decl":{"start":{"line":19,"column":15},"end":{"line":19,"column":16}},"loc":{"start":{"line":19,"column":63},"end":{"line":21,"column":14}}},"4":{"name":"(anonymous_4)","decl":{"start":{"line":22,"column":13},"end":{"line":22,"column":14}},"loc":{"start":{"line":22,"column":55},"end":{"line":24,"column":null}}},"5":{"name":"(anonymous_5)","decl":{"start":{"line":25,"column":14},"end":{"line":25,"column":15}},"loc":{"start":{"line":25,"column":56},"end":{"line":27,"column":null}}},"6":{"name":"(anonymous_6)","decl":{"start":{"line":28,"column":12},"end":{"line":28,"column":13}},"loc":{"start":{"line":28,"column":54},"end":{"line":30,"column":null}}},"7":{"name":"(anonymous_7)","decl":{"start":{"line":31,"column":22},"end":{"line":31,"column":23}},"loc":{"start":{"line":31,"column":70},"end":{"line":34,"column":16}}},"8":{"name":"(anonymous_8)","decl":{"start":{"line":35,"column":16},"end":{"line":35,"column":17}},"loc":{"start":{"line":35,"column":64},"end":{"line":37,"column":null}}},"9":{"name":"(anonymous_9)","decl":{"start":{"line":38,"column":15},"end":{"line":38,"column":16}},"loc":{"start":{"line":38,"column":63},"end":{"line":40,"column":null}}},"10":{"name":"(anonymous_10)","decl":{"start":{"line":41,"column":21},"end":{"line":41,"column":22}},"loc":{"start":{"line":41,"column":69},"end":{"line":44,"column":null}}},"11":{"name":"(anonymous_11)","decl":{"start":{"line":45,"column":17},"end":{"line":45,"column":18}},"loc":{"start":{"line":45,"column":65},"end":{"line":47,"column":null}}}},"branchMap":{"0":{"loc":{"start":{"line":8,"column":11},"end":{"line":8,"column":39}},"type":"default-arg","locations":[{"start":{"line":8,"column":27},"end":{"line":8,"column":39}}]},"1":{"loc":{"start":{"line":16,"column":14},"end":{"line":16,"column":48}},"type":"default-arg","locations":[{"start":{"line":16,"column":30},"end":{"line":16,"column":48}}]},"2":{"loc":{"start":{"line":19,"column":16},"end":{"line":19,"column":50}},"type":"default-arg","locations":[{"start":{"line":19,"column":32},"end":{"line":19,"column":50}}]},"3":{"loc":{"start":{"line":22,"column":14},"end":{"line":22,"column":42}},"type":"default-arg","locations":[{"start":{"line":22,"column":30},"end":{"line":22,"column":42}}]},"4":{"loc":{"start":{"line":25,"column":15},"end":{"line":25,"column":43}},"type":"default-arg","locations":[{"start":{"line":25,"column":31},"end":{"line":25,"column":43}}]},"5":{"loc":{"start":{"line":28,"column":13},"end":{"line":28,"column":41}},"type":"default-arg","locations":[{"start":{"line":28,"column":29},"end":{"line":28,"column":41}}]},"6":{"loc":{"start":{"line":31,"column":23},"end":{"line":31,"column":57}},"type":"default-arg","locations":[{"start":{"line":31,"column":39},"end":{"line":31,"column":57}}]},"7":{"loc":{"start":{"line":35,"column":17},"end":{"line":35,"column":51}},"type":"default-arg","locations":[{"start":{"line":35,"column":33},"end":{"line":35,"column":51}}]},"8":{"loc":{"start":{"line":38,"column":16},"end":{"line":38,"column":50}},"type":"default-arg","locations":[{"start":{"line":38,"column":32},"end":{"line":38,"column":50}}]},"9":{"loc":{"start":{"line":41,"column":22},"end":{"line":41,"column":56}},"type":"default-arg","locations":[{"start":{"line":41,"column":38},"end":{"line":41,"column":56}}]},"10":{"loc":{"start":{"line":45,"column":18},"end":{"line":45,"column":52}},"type":"default-arg","locations":[{"start":{"line":45,"column":34},"end":{"line":45,"column":52}}]}},"s":{"0":1,"1":1,"2":1,"3":0,"4":0,"5":0,"6":0,"7":0,"8":0,"9":0,"10":0,"11":0,"12":0,"13":0,"14":0},"f":{"0":0,"1":0,"2":0,"3":0,"4":0,"5":0,"6":0,"7":0,"8":0,"9":0,"10":0,"11":0},"b":{"0":[0],"1":[0],"2":[0],"3":[0],"4":[0],"5":[0],"6":[0],"7":[0],"8":[0],"9":[0],"10":[0]}}
,"/home/braian/development/spacedev/ProjectName/src/theme/colors.ts": {"path":"/home/braian/development/spacedev/ProjectName/src/theme/colors.ts","statementMap":{"0":{"start":{"line":1,"column":13},"end":{"line":25,"column":null}},"1":{"start":{"line":27,"column":15},"end":{"line":60,"column":null}},"2":{"start":{"line":62,"column":32},"end":{"line":75,"column":1}},"3":{"start":{"line":63,"column":2},"end":{"line":73,"column":null}},"4":{"start":{"line":64,"column":18},"end":{"line":64,"column":51}},"5":{"start":{"line":65,"column":23},"end":{"line":66,"column":17}},"6":{"start":{"line":67,"column":4},"end":{"line":72,"column":null}},"7":{"start":{"line":68,"column":18},"end":{"line":68,"column":45}},"8":{"start":{"line":69,"column":20},"end":{"line":69,"column":47}},"9":{"start":{"line":70,"column":19},"end":{"line":70,"column":46}},"10":{"start":{"line":71,"column":6},"end":{"line":71,"column":null}},"11":{"start":{"line":74,"column":2},"end":{"line":74,"column":null}},"12":{"start":{"line":62,"column":13},"end":{"line":62,"column":32}},"13":{"start":{"line":77,"column":0},"end":{"line":77,"column":null}}},"fnMap":{"0":{"name":"(anonymous_0)","decl":{"start":{"line":62,"column":32},"end":{"line":62,"column":33}},"loc":{"start":{"line":62,"column":94},"end":{"line":75,"column":1}}}},"branchMap":{"0":{"loc":{"start":{"line":63,"column":2},"end":{"line":73,"column":null}},"type":"if","locations":[{"start":{"line":63,"column":2},"end":{"line":73,"column":null}}]},"1":{"loc":{"start":{"line":67,"column":4},"end":{"line":72,"column":null}},"type":"if","locations":[{"start":{"line":67,"column":4},"end":{"line":72,"column":null}}]},"2":{"loc":{"start":{"line":67,"column":8},"end":{"line":67,"column":44}},"type":"binary-expr","locations":[{"start":{"line":67,"column":8},"end":{"line":67,"column":18}},{"start":{"line":67,"column":22},"end":{"line":67,"column":44}}]}},"s":{"0":1,"1":1,"2":1,"3":0,"4":0,"5":0,"6":0,"7":0,"8":0,"9":0,"10":0,"11":0,"12":1,"13":1},"f":{"0":0},"b":{"0":[0],"1":[0],"2":[0,0]}}
,"/home/braian/development/spacedev/ProjectName/src/theme/fonts.ts": {"path":"/home/braian/development/spacedev/ProjectName/src/theme/fonts.ts","statementMap":{"0":{"start":{"line":1,"column":0},"end":{"line":1,"column":41}},"1":{"start":{"line":3,"column":0},"end":{"line":3,"column":29}},"2":{"start":{"line":4,"column":0},"end":{"line":4,"column":41}},"3":{"start":{"line":6,"column":13},"end":{"line":17,"column":null}},"4":{"start":{"line":18,"column":13},"end":{"line":27,"column":null}},"5":{"start":{"line":29,"column":13},"end":{"line":37,"column":null}},"6":{"start":{"line":30,"column":42},"end":{"line":30,"column":56}},"7":{"start":{"line":31,"column":42},"end":{"line":31,"column":57}},"8":{"start":{"line":32,"column":42},"end":{"line":32,"column":59}},"9":{"start":{"line":33,"column":42},"end":{"line":33,"column":56}},"10":{"start":{"line":34,"column":46},"end":{"line":34,"column":60}},"11":{"start":{"line":35,"column":46},"end":{"line":35,"column":63}},"12":{"start":{"line":36,"column":48},"end":{"line":36,"column":62}},"13":{"start":{"line":39,"column":13},"end":{"line":45,"column":null}},"14":{"start":{"line":47,"column":13},"end":{"line":114,"column":null}},"15":{"start":{"line":116,"column":0},"end":{"line":116,"column":null}}},"fnMap":{"0":{"name":"(anonymous_1)","decl":{"start":{"line":30,"column":6},"end":{"line":30,"column":7}},"loc":{"start":{"line":30,"column":42},"end":{"line":30,"column":56}}},"1":{"name":"(anonymous_2)","decl":{"start":{"line":31,"column":6},"end":{"line":31,"column":7}},"loc":{"start":{"line":31,"column":42},"end":{"line":31,"column":57}}},"2":{"name":"(anonymous_3)","decl":{"start":{"line":32,"column":6},"end":{"line":32,"column":7}},"loc":{"start":{"line":32,"column":42},"end":{"line":32,"column":59}}},"3":{"name":"(anonymous_4)","decl":{"start":{"line":33,"column":6},"end":{"line":33,"column":7}},"loc":{"start":{"line":33,"column":42},"end":{"line":33,"column":56}}},"4":{"name":"(anonymous_5)","decl":{"start":{"line":34,"column":8},"end":{"line":34,"column":9}},"loc":{"start":{"line":34,"column":46},"end":{"line":34,"column":60}}},"5":{"name":"(anonymous_6)","decl":{"start":{"line":35,"column":8},"end":{"line":35,"column":9}},"loc":{"start":{"line":35,"column":46},"end":{"line":35,"column":63}}},"6":{"name":"(anonymous_7)","decl":{"start":{"line":36,"column":9},"end":{"line":36,"column":10}},"loc":{"start":{"line":36,"column":48},"end":{"line":36,"column":62}}}},"branchMap":{"0":{"loc":{"start":{"line":30,"column":7},"end":{"line":30,"column":29}},"type":"default-arg","locations":[{"start":{"line":30,"column":18},"end":{"line":30,"column":29}}]},"1":{"loc":{"start":{"line":31,"column":7},"end":{"line":31,"column":29}},"type":"default-arg","locations":[{"start":{"line":31,"column":18},"end":{"line":31,"column":29}}]},"2":{"loc":{"start":{"line":32,"column":7},"end":{"line":32,"column":29}},"type":"default-arg","locations":[{"start":{"line":32,"column":18},"end":{"line":32,"column":29}}]},"3":{"loc":{"start":{"line":33,"column":7},"end":{"line":33,"column":29}},"type":"default-arg","locations":[{"start":{"line":33,"column":18},"end":{"line":33,"column":29}}]},"4":{"loc":{"start":{"line":34,"column":9},"end":{"line":34,"column":33}},"type":"default-arg","locations":[{"start":{"line":34,"column":20},"end":{"line":34,"column":33}}]},"5":{"loc":{"start":{"line":35,"column":9},"end":{"line":35,"column":33}},"type":"default-arg","locations":[{"start":{"line":35,"column":20},"end":{"line":35,"column":33}}]},"6":{"loc":{"start":{"line":36,"column":10},"end":{"line":36,"column":35}},"type":"default-arg","locations":[{"start":{"line":36,"column":21},"end":{"line":36,"column":35}}]}},"s":{"0":1,"1":1,"2":1,"3":1,"4":1,"5":1,"6":1,"7":1,"8":1,"9":1,"10":3,"11":1,"12":1,"13":1,"14":1,"15":1},"f":{"0":1,"1":1,"2":1,"3":1,"4":3,"5":1,"6":1},"b":{"0":[1],"1":[1],"2":[1],"3":[1],"4":[3],"5":[1],"6":[1]}}
,"/home/braian/development/spacedev/ProjectName/src/theme/index.ts": {"path":"/home/braian/development/spacedev/ProjectName/src/theme/index.ts","statementMap":{"0":{"start":{"line":1,"column":0},"end":{"line":1,"column":7}},"1":{"start":{"line":6,"column":2},"end":{"line":1,"column":17}},"2":{"start":{"line":7,"column":2},"end":{"line":1,"column":51}},"3":{"start":{"line":2,"column":0},"end":{"line":2,"column":7}},"4":{"start":{"line":9,"column":2},"end":{"line":2,"column":16}},"5":{"start":{"line":8,"column":2},"end":{"line":2,"column":30}},"6":{"start":{"line":10,"column":2},"end":{"line":2,"column":40}},"7":{"start":{"line":11,"column":2},"end":{"line":2,"column":67}},"8":{"start":{"line":3,"column":0},"end":{"line":3,"column":7}},"9":{"start":{"line":12,"column":2},"end":{"line":3,"column":31}}},"fnMap":{"0":{"name":"(anonymous_7)","decl":{"start":{"line":7,"column":2},"end":{"line":7,"column":18}},"loc":{"start":{"line":7,"column":2},"end":{"line":1,"column":51}}},"1":{"name":"(anonymous_8)","decl":{"start":{"line":8,"column":2},"end":{"line":8,"column":14}},"loc":{"start":{"line":8,"column":2},"end":{"line":2,"column":30}}},"2":{"name":"(anonymous_9)","decl":{"start":{"line":10,"column":2},"end":{"line":10,"column":10}},"loc":{"start":{"line":10,"column":2},"end":{"line":2,"column":40}}},"3":{"name":"(anonymous_10)","decl":{"start":{"line":11,"column":2},"end":{"line":11,"column":12}},"loc":{"start":{"line":11,"column":2},"end":{"line":2,"column":67}}}},"branchMap":{},"s":{"0":1,"1":1,"2":1,"3":1,"4":1,"5":1,"6":1,"7":1,"8":1,"9":1},"f":{"0":0,"1":0,"2":0,"3":0},"b":{}}
,"/home/braian/development/spacedev/ProjectName/src/theme/metrics.ts": {"path":"/home/braian/development/spacedev/ProjectName/src/theme/metrics.ts","statementMap":{"0":{"start":{"line":1,"column":0},"end":{"line":1,"column":51}},"1":{"start":{"line":2,"column":0},"end":{"line":2,"column":51}},"2":{"start":{"line":3,"column":0},"end":{"line":3,"column":92}},"3":{"start":{"line":8,"column":4},"end":{"line":8,"column":28}},"4":{"start":{"line":10,"column":29},"end":{"line":10,"column":101}},"5":{"start":{"line":10,"column":73},"end":{"line":10,"column":100}},"6":{"start":{"line":10,"column":13},"end":{"line":10,"column":29}},"7":{"start":{"line":11,"column":25},"end":{"line":11,"column":104}},"8":{"start":{"line":11,"column":72},"end":{"line":11,"column":103}},"9":{"start":{"line":11,"column":13},"end":{"line":11,"column":25}},"10":{"start":{"line":13,"column":25},"end":{"line":13,"column":28}},"11":{"start":{"line":14,"column":26},"end":{"line":14,"column":29}},"12":{"start":{"line":15,"column":22},"end":{"line":20,"column":1}},"13":{"start":{"line":16,"column":2},"end":{"line":18,"column":null}},"14":{"start":{"line":17,"column":4},"end":{"line":17,"column":null}},"15":{"start":{"line":19,"column":2},"end":{"line":19,"column":null}},"16":{"start":{"line":22,"column":17},"end":{"line":22,"column":41}},"17":{"start":{"line":24,"column":30},"end":{"line":24,"column":32}},"18":{"start":{"line":26,"column":16},"end":{"line":104,"column":null}},"19":{"start":{"line":33,"column":45},"end":{"line":33,"column":69}},"20":{"start":{"line":38,"column":4},"end":{"line":40,"column":null}},"21":{"start":{"line":39,"column":6},"end":{"line":39,"column":null}},"22":{"start":{"line":41,"column":4},"end":{"line":41,"column":null}},"23":{"start":{"line":44,"column":4},"end":{"line":46,"column":null}},"24":{"start":{"line":45,"column":6},"end":{"line":45,"column":null}},"25":{"start":{"line":47,"column":4},"end":{"line":47,"column":null}},"26":{"start":{"line":106,"column":0},"end":{"line":106,"column":null}}},"fnMap":{"0":{"name":"(anonymous_0)","decl":{"start":{"line":10,"column":29},"end":{"line":10,"column":30}},"loc":{"start":{"line":10,"column":73},"end":{"line":10,"column":100}}},"1":{"name":"(anonymous_1)","decl":{"start":{"line":11,"column":25},"end":{"line":11,"column":26}},"loc":{"start":{"line":11,"column":72},"end":{"line":11,"column":103}}},"2":{"name":"(anonymous_2)","decl":{"start":{"line":15,"column":22},"end":{"line":15,"column":23}},"loc":{"start":{"line":15,"column":63},"end":{"line":20,"column":1}}},"3":{"name":"(anonymous_3)","decl":{"start":{"line":33,"column":19},"end":{"line":33,"column":20}},"loc":{"start":{"line":33,"column":45},"end":{"line":33,"column":69}}},"4":{"name":"(anonymous_4)","decl":{"start":{"line":37,"column":17},"end":{"line":37,"column":18}},"loc":{"start":{"line":37,"column":59},"end":{"line":42,"column":3}}},"5":{"name":"(anonymous_5)","decl":{"start":{"line":43,"column":20},"end":{"line":43,"column":21}},"loc":{"start":{"line":43,"column":48},"end":{"line":48,"column":3}}}},"branchMap":{"0":{"loc":{"start":{"line":10,"column":73},"end":{"line":10,"column":100}},"type":"cond-expr","locations":[{"start":{"line":10,"column":86},"end":{"line":10,"column":92}},{"start":{"line":10,"column":95},"end":{"line":10,"column":100}}]},"1":{"loc":{"start":{"line":11,"column":72},"end":{"line":11,"column":103}},"type":"cond-expr","locations":[{"start":{"line":11,"column":86},"end":{"line":11,"column":93}},{"start":{"line":11,"column":96},"end":{"line":11,"column":103}}]},"2":{"loc":{"start":{"line":16,"column":2},"end":{"line":18,"column":null}},"type":"if","locations":[{"start":{"line":16,"column":2},"end":{"line":18,"column":null}}]},"3":{"loc":{"start":{"line":33,"column":20},"end":{"line":33,"column":32}},"type":"default-arg","locations":[{"start":{"line":33,"column":27},"end":{"line":33,"column":32}}]},"4":{"loc":{"start":{"line":37,"column":35},"end":{"line":37,"column":47}},"type":"default-arg","locations":[{"start":{"line":37,"column":42},"end":{"line":37,"column":47}}]},"5":{"loc":{"start":{"line":38,"column":4},"end":{"line":40,"column":null}},"type":"if","locations":[{"start":{"line":38,"column":4},"end":{"line":40,"column":null}}]},"6":{"loc":{"start":{"line":44,"column":4},"end":{"line":46,"column":null}},"type":"if","locations":[{"start":{"line":44,"column":4},"end":{"line":46,"column":null}}]},"7":{"loc":{"start":{"line":52,"column":16},"end":{"line":52,"column":80}},"type":"cond-expr","locations":[{"start":{"line":52,"column":44},"end":{"line":52,"column":46}},{"start":{"line":52,"column":50},"end":{"line":52,"column":79}}]}},"s":{"0":1,"1":1,"2":1,"3":1,"4":1,"5":8,"6":1,"7":1,"8":2,"9":1,"10":1,"11":1,"12":1,"13":0,"14":0,"15":0,"16":1,"17":1,"18":1,"19":0,"20":0,"21":0,"22":0,"23":0,"24":0,"25":0,"26":1},"f":{"0":8,"1":2,"2":0,"3":0,"4":0,"5":0},"b":{"0":[0,8],"1":[0,2],"2":[0],"3":[0],"4":[0],"5":[0],"6":[0],"7":[0,1]}}
}
