TN:
SF:images/exampleImage.jpg
FNF:0
FNH:0
DA:1,1
LF:1
LH:1
BRF:0
BRH:0
end_of_record
TN:
SF:src/components/buttons/Button.tsx
FN:31,(anonymous_0)
FN:44,(anonymous_1)
FN:60,(anonymous_2)
FN:61,(anonymous_3)
FN:69,(anonymous_4)
FN:79,(anonymous_5)
FN:89,(anonymous_6)
FN:99,(anonymous_7)
FN:110,(anonymous_8)
FN:121,(anonymous_9)
FNF:10
FNH:4
FNDA:3,(anonymous_0)
FNDA:3,(anonymous_1)
FNDA:0,(anonymous_2)
FNDA:0,(anonymous_3)
FNDA:2,(anonymous_4)
FNDA:1,(anonymous_5)
FNDA:0,(anonymous_6)
FNDA:0,(anonymous_7)
FNDA:0,(anonymous_8)
FNDA:0,(anonymous_9)
DA:31,1
DA:42,3
DA:44,3
DA:45,3
DA:46,3
DA:47,0
DA:52,3
DA:55,3
DA:60,0
DA:61,0
DA:69,1
DA:70,2
DA:79,1
DA:80,1
DA:89,1
DA:90,0
DA:99,1
DA:100,0
DA:110,1
DA:111,0
DA:121,1
DA:122,0
LF:22
LH:15
BRDA:45,0,0,0
BRDA:45,0,1,3
BRDA:46,1,0,0
BRDA:46,1,1,3
BRDA:63,2,0,0
BRDA:63,2,1,3
BRF:6
BRH:3
end_of_record
TN:
SF:src/components/buttons/styles.ts
FNF:0
FNH:0
DA:1,1
DA:3,1
DA:4,1
DA:6,1
DA:16,1
DA:23,1
DA:36,1
DA:49,1
DA:72,1
DA:101,1
LF:10
LH:10
BRF:0
BRH:0
end_of_record
TN:
SF:src/components/svgIcon/SvgIcon.tsx
FN:14,(anonymous_0)
FNF:1
FNH:0
FNDA:0,(anonymous_0)
DA:14,1
DA:20,0
LF:2
LH:1
BRDA:16,0,0,0
BRDA:17,1,0,0
BRF:2
BRH:0
end_of_record
TN:
SF:src/components/text/index.ts
FN:28,(anonymous_1)
FN:28,(anonymous_2)
FNF:2
FNH:2
FNDA:8,(anonymous_1)
FNDA:3,(anonymous_2)
DA:1,1
DA:4,1
DA:28,8
DA:37,3
DA:48,1
DA:49,1
DA:51,1
DA:52,1
DA:54,1
DA:55,1
DA:57,1
DA:58,1
DA:60,1
DA:61,1
DA:63,1
DA:64,1
DA:66,1
DA:67,1
DA:69,1
DA:70,1
LF:20
LH:20
BRDA:35,0,0,3
BRDA:36,1,0,3
BRF:2
BRH:2
end_of_record
TN:
SF:src/constants/images.ts
FN:8,(anonymous_0)
FN:12,(anonymous_1)
FN:16,(anonymous_2)
FN:19,(anonymous_3)
FN:22,(anonymous_4)
FN:25,(anonymous_5)
FN:28,(anonymous_6)
FN:31,(anonymous_7)
FN:35,(anonymous_8)
FN:38,(anonymous_9)
FN:41,(anonymous_10)
FN:45,(anonymous_11)
FNF:12
FNH:0
FNDA:0,(anonymous_0)
FNDA:0,(anonymous_1)
FNDA:0,(anonymous_2)
FNDA:0,(anonymous_3)
FNDA:0,(anonymous_4)
FNDA:0,(anonymous_5)
FNDA:0,(anonymous_6)
FNDA:0,(anonymous_7)
FNDA:0,(anonymous_8)
FNDA:0,(anonymous_9)
FNDA:0,(anonymous_10)
FNDA:0,(anonymous_11)
DA:1,1
DA:3,1
DA:7,1
DA:8,0
DA:12,0
DA:16,0
DA:19,0
DA:22,0
DA:25,0
DA:28,0
DA:31,0
DA:35,0
DA:38,0
DA:41,0
DA:45,0
LF:15
LH:3
BRDA:8,0,0,0
BRDA:16,1,0,0
BRDA:19,2,0,0
BRDA:22,3,0,0
BRDA:25,4,0,0
BRDA:28,5,0,0
BRDA:31,6,0,0
BRDA:35,7,0,0
BRDA:38,8,0,0
BRDA:41,9,0,0
BRDA:45,10,0,0
BRF:11
BRH:0
end_of_record
TN:
SF:src/theme/colors.ts
FN:62,(anonymous_0)
FNF:1
FNH:0
FNDA:0,(anonymous_0)
DA:1,1
DA:27,1
DA:62,1
DA:63,0
DA:64,0
DA:65,0
DA:67,0
DA:68,0
DA:69,0
DA:70,0
DA:71,0
DA:74,0
DA:77,1
LF:13
LH:4
BRDA:63,0,0,0
BRDA:67,1,0,0
BRDA:67,2,0,0
BRDA:67,2,1,0
BRF:4
BRH:0
end_of_record
TN:
SF:src/theme/fonts.ts
FN:30,(anonymous_1)
FN:31,(anonymous_2)
FN:32,(anonymous_3)
FN:33,(anonymous_4)
FN:34,(anonymous_5)
FN:35,(anonymous_6)
FN:36,(anonymous_7)
FNF:7
FNH:7
FNDA:1,(anonymous_1)
FNDA:1,(anonymous_2)
FNDA:1,(anonymous_3)
FNDA:1,(anonymous_4)
FNDA:3,(anonymous_5)
FNDA:1,(anonymous_6)
FNDA:1,(anonymous_7)
DA:1,1
DA:3,1
DA:4,1
DA:6,1
DA:18,1
DA:29,1
DA:30,1
DA:31,1
DA:32,1
DA:33,1
DA:34,3
DA:35,1
DA:36,1
DA:39,1
DA:47,1
DA:116,1
LF:16
LH:16
BRDA:30,0,0,1
BRDA:31,1,0,1
BRDA:32,2,0,1
BRDA:33,3,0,1
BRDA:34,4,0,3
BRDA:35,5,0,1
BRDA:36,6,0,1
BRF:7
BRH:7
end_of_record
TN:
SF:src/theme/index.ts
FN:7,(anonymous_7)
FN:8,(anonymous_8)
FN:10,(anonymous_9)
FN:11,(anonymous_10)
FNF:4
FNH:0
FNDA:0,(anonymous_7)
FNDA:0,(anonymous_8)
FNDA:0,(anonymous_9)
FNDA:0,(anonymous_10)
DA:1,1
DA:2,1
DA:3,1
DA:6,1
DA:7,1
DA:8,1
DA:9,1
DA:10,1
DA:11,1
DA:12,1
LF:10
LH:10
BRF:0
BRH:0
end_of_record
TN:
SF:src/theme/metrics.ts
FN:10,(anonymous_0)
FN:11,(anonymous_1)
FN:15,(anonymous_2)
FN:33,(anonymous_3)
FN:37,(anonymous_4)
FN:43,(anonymous_5)
FNF:6
FNH:2
FNDA:8,(anonymous_0)
FNDA:2,(anonymous_1)
FNDA:0,(anonymous_2)
FNDA:0,(anonymous_3)
FNDA:0,(anonymous_4)
FNDA:0,(anonymous_5)
DA:1,1
DA:2,1
DA:3,1
DA:8,1
DA:10,8
DA:11,2
DA:13,1
DA:14,1
DA:15,1
DA:16,0
DA:17,0
DA:19,0
DA:22,1
DA:24,1
DA:26,1
DA:33,0
DA:38,0
DA:39,0
DA:41,0
DA:44,0
DA:45,0
DA:47,0
DA:106,1
LF:23
LH:13
BRDA:10,0,0,0
BRDA:10,0,1,8
BRDA:11,1,0,0
BRDA:11,1,1,2
BRDA:16,2,0,0
BRDA:33,3,0,0
BRDA:37,4,0,0
BRDA:38,5,0,0
BRDA:44,6,0,0
BRDA:52,7,0,0
BRDA:52,7,1,1
BRF:11
BRH:3
end_of_record
